<?xml version="1.0" encoding="UTF-8"?>
<testng-results ignored="0" total="1" passed="1" failed="0" skipped="0">
  <reporter-output>
  </reporter-output>
  <suite started-at="2021-12-19T23:13:19 BDT" name="Default suite" finished-at="2021-12-19T23:14:36 BDT" duration-ms="77227">
    <groups>
    </groups>
    <test started-at="2021-12-19T23:13:19 BDT" name="Default test" finished-at="2021-12-19T23:14:36 BDT" duration-ms="77227">
      <class name="testcases.TestCase2">
        <test-method is-config="true" signature="beforeSuite()[pri:0, instance:testcases.TestCase2@22ff4249]" started-at="2021-12-19T23:13:17 BDT" name="beforeSuite" finished-at="2021-12-19T23:13:19 BDT" duration-ms="1827" status="PASS">
          <reporter-output>
          </reporter-output>
        </test-method> <!-- beforeSuite -->
        <test-method is-config="true" signature="beforeTest()[pri:0, instance:testcases.TestCase2@22ff4249]" started-at="2021-12-19T23:13:19 BDT" name="beforeTest" finished-at="2021-12-19T23:13:19 BDT" duration-ms="3" status="PASS">
          <reporter-output>
          </reporter-output>
        </test-method> <!-- beforeTest -->
        <test-method is-config="true" signature="setData()[pri:0, instance:testcases.TestCase2@22ff4249]" started-at="2021-12-19T23:13:19 BDT" name="setData" finished-at="2021-12-19T23:13:19 BDT" duration-ms="0" status="PASS">
          <reporter-output>
          </reporter-output>
        </test-method> <!-- setData -->
        <test-method is-config="true" signature="beforeMethod()[pri:0, instance:testcases.TestCase2@22ff4249]" started-at="2021-12-19T23:13:21 BDT" name="beforeMethod" finished-at="2021-12-19T23:13:33 BDT" duration-ms="12769" status="PASS">
          <reporter-output>
          </reporter-output>
        </test-method> <!-- beforeMethod -->
        <test-method signature="Testcase2(java.lang.String,java.lang.String,java.lang.String,java.lang.String)[pri:0, instance:testcases.TestCase2@22ff4249]" started-at="2021-12-19T23:13:33 BDT" name="Testcase2" data-provider="fetchData" finished-at="2021-12-19T23:14:36 BDT" duration-ms="62582" status="PASS">
          <params>
            <param index="0">
              <value>
                <![CDATA[(//div[@id='layer_cart']//h2)[1]]]>
              </value>
            </param>
            <param index="1">
              <value>
                <![CDATA[//td[@class='cart_description']]]>
              </value>
            </param>
            <param index="2">
              <value>
                <![CDATA[Product successfully added to your shopping cart]]>
              </value>
            </param>
            <param index="3">
              <value>
                <![CDATA[Faded Short Sleeve T-shirts]]>
              </value>
            </param>
          </params>
          <reporter-output>
          </reporter-output>
        </test-method> <!-- Testcase2 -->
        <test-method is-config="true" signature="afterMethod()[pri:0, instance:testcases.TestCase2@22ff4249]" started-at="2021-12-19T23:14:36 BDT" name="afterMethod" finished-at="2021-12-19T23:14:36 BDT" duration-ms="526" status="PASS">
          <reporter-output>
          </reporter-output>
        </test-method> <!-- afterMethod -->
        <test-method is-config="true" signature="afterTest()[pri:0, instance:testcases.TestCase2@22ff4249]" started-at="2021-12-19T23:14:36 BDT" name="afterTest" finished-at="2021-12-19T23:14:36 BDT" duration-ms="1" status="PASS">
          <reporter-output>
          </reporter-output>
        </test-method> <!-- afterTest -->
        <test-method is-config="true" signature="afterSuite()[pri:0, instance:testcases.TestCase2@22ff4249]" started-at="2021-12-19T23:14:37 BDT" name="afterSuite" finished-at="2021-12-19T23:14:37 BDT" duration-ms="720" status="PASS">
          <reporter-output>
          </reporter-output>
        </test-method> <!-- afterSuite -->
      </class> <!-- testcases.TestCase2 -->
    </test> <!-- Default test -->
  </suite> <!-- Default suite -->
</testng-results>
